2024-11-09 12:06:25,279 - INFO - Starting data collection for 11 categories with 90 entries each.
2024-11-09 12:06:25,279 - INFO - Processing category: parks
2024-11-09 12:06:25,279 - INFO - Collecting data for category 'parks' with search term 'Parks in Medellin'
2024-11-09 12:06:52,817 - INFO - Collected 8 entries for search term 'Parks in Medellin' in category 'parks'
2024-11-09 12:06:52,818 - INFO - Collecting data for category 'parks' with search term 'Local parks in Medellin'
2024-11-09 12:07:19,375 - INFO - Collected 16 entries for search term 'Local parks in Medellin' in category 'parks'
2024-11-09 12:07:19,378 - INFO - Saved data for category 'parks' to 'categories_data/parks.csv'
2024-11-09 12:07:19,378 - INFO - Processing category: nature_reserves
2024-11-09 12:07:19,378 - INFO - Collecting data for category 'nature_reserves' with search term 'Nature reserves in Medellin'
2024-11-09 12:07:46,042 - INFO - Collected 24 entries for search term 'Nature reserves in Medellin' in category 'nature_reserves'
2024-11-09 12:07:46,042 - INFO - Collecting data for category 'nature_reserves' with search term 'Protected natural areas in Medellin'
2024-11-09 12:08:12,466 - INFO - Collected 32 entries for search term 'Protected natural areas in Medellin' in category 'nature_reserves'
2024-11-09 12:08:12,468 - INFO - Saved data for category 'nature_reserves' to 'categories_data/nature_reserves.csv'
2024-11-09 12:08:12,468 - INFO - Processing category: eco_cafes
2024-11-09 12:08:12,469 - INFO - Collecting data for category 'eco_cafes' with search term 'Eco-friendly cafes in Medellin'
2024-11-09 12:08:39,147 - INFO - Collected 40 entries for search term 'Eco-friendly cafes in Medellin' in category 'eco_cafes'
2024-11-09 12:08:39,148 - INFO - Collecting data for category 'eco_cafes' with search term 'Organic cafes Medellin'
2024-11-09 12:09:05,798 - INFO - Collected 48 entries for search term 'Organic cafes Medellin' in category 'eco_cafes'
2024-11-09 12:09:05,799 - INFO - Collecting data for category 'eco_cafes' with search term 'Sustainable cafes in Medellin'
2024-11-09 12:09:32,608 - INFO - Collected 56 entries for search term 'Sustainable cafes in Medellin' in category 'eco_cafes'
2024-11-09 12:09:32,611 - INFO - Saved data for category 'eco_cafes' to 'categories_data/eco_cafes.csv'
2024-11-09 12:09:32,611 - INFO - Processing category: local_restaurants
2024-11-09 12:09:32,611 - INFO - Collecting data for category 'local_restaurants' with search term 'Local restaurants in Medellin'
2024-11-09 12:09:59,672 - INFO - Collected 64 entries for search term 'Local restaurants in Medellin' in category 'local_restaurants'
2024-11-09 12:09:59,672 - INFO - Collecting data for category 'local_restaurants' with search term 'Family-owned restaurants Medellin'
2024-11-09 12:10:13,220 - INFO - Collected 66 entries for search term 'Family-owned restaurants Medellin' in category 'local_restaurants'
2024-11-09 12:10:13,220 - INFO - Collecting data for category 'local_restaurants' with search term 'Farm-to-table restaurants Medellin'
2024-11-09 12:10:39,824 - INFO - Collected 74 entries for search term 'Farm-to-table restaurants Medellin' in category 'local_restaurants'
2024-11-09 12:10:39,827 - INFO - Saved data for category 'local_restaurants' to 'categories_data/local_restaurants.csv'
2024-11-09 12:10:39,827 - INFO - Processing category: organic_markets
2024-11-09 12:10:39,828 - INFO - Collecting data for category 'organic_markets' with search term 'Organic markets in Medellin'
2024-11-09 12:11:06,440 - INFO - Collected 82 entries for search term 'Organic markets in Medellin' in category 'organic_markets'
2024-11-09 12:11:06,441 - INFO - Collecting data for category 'organic_markets' with search term 'Farmers markets Medellin'
2024-11-09 12:11:43,681 - INFO - Collected 94 entries for search term 'Farmers markets Medellin' in category 'organic_markets'
2024-11-09 12:11:43,681 - INFO - Collecting data for category 'organic_markets' with search term 'Eco markets Medellin'
2024-11-09 12:12:05,433 - INFO - Collected 100 entries for search term 'Eco markets Medellin' in category 'organic_markets'
2024-11-09 12:12:05,437 - INFO - Saved data for category 'organic_markets' to 'categories_data/organic_markets.csv'
2024-11-09 12:12:05,437 - INFO - Processing category: museums
2024-11-09 12:12:05,438 - INFO - Collecting data for category 'museums' with search term 'Museums in Medellin'
2024-11-09 12:12:32,209 - INFO - Collected 108 entries for search term 'Museums in Medellin' in category 'museums'
2024-11-09 12:12:32,210 - INFO - Collecting data for category 'museums' with search term 'Cultural museums Medellin'
2024-11-09 12:12:58,865 - INFO - Collected 116 entries for search term 'Cultural museums Medellin' in category 'museums'
2024-11-09 12:12:58,869 - INFO - Saved data for category 'museums' to 'categories_data/museums.csv'
2024-11-09 12:12:58,869 - INFO - Processing category: art_galleries
2024-11-09 12:12:58,869 - INFO - Collecting data for category 'art_galleries' with search term 'Art galleries in Medellin'
2024-11-09 12:13:25,481 - INFO - Collected 124 entries for search term 'Art galleries in Medellin' in category 'art_galleries'
2024-11-09 12:13:25,482 - INFO - Collecting data for category 'art_galleries' with search term 'Local art spaces Medellin'
2024-11-09 12:13:51,913 - INFO - Collected 132 entries for search term 'Local art spaces Medellin' in category 'art_galleries'
2024-11-09 12:13:51,916 - INFO - Saved data for category 'art_galleries' to 'categories_data/art_galleries.csv'
2024-11-09 12:13:51,917 - INFO - Processing category: theaters
2024-11-09 12:13:51,917 - INFO - Collecting data for category 'theaters' with search term 'Theaters in Medellin'
2024-11-09 12:14:13,682 - INFO - Collected 137 entries for search term 'Theaters in Medellin' in category 'theaters'
2024-11-09 12:14:13,683 - INFO - Collecting data for category 'theaters' with search term 'Local theater groups Medellin'
2024-11-09 12:14:40,230 - INFO - Collected 145 entries for search term 'Local theater groups Medellin' in category 'theaters'
2024-11-09 12:14:40,234 - INFO - Saved data for category 'theaters' to 'categories_data/theaters.csv'
2024-11-09 12:14:40,234 - INFO - Processing category: community_centers
2024-11-09 12:14:40,235 - INFO - Collecting data for category 'community_centers' with search term 'Community centers in Medellin'
2024-11-09 12:15:07,025 - INFO - Collected 153 entries for search term 'Community centers in Medellin' in category 'community_centers'
2024-11-09 12:15:07,025 - INFO - Collecting data for category 'community_centers' with search term 'Local community hubs Medellin'
2024-11-09 12:15:24,175 - INFO - Collected 156 entries for search term 'Local community hubs Medellin' in category 'community_centers'
2024-11-09 12:15:24,179 - INFO - Saved data for category 'community_centers' to 'categories_data/community_centers.csv'
2024-11-09 12:15:24,180 - INFO - Processing category: plazas
2024-11-09 12:15:24,180 - INFO - Collecting data for category 'plazas' with search term 'Public plazas in Medellin'
2024-11-09 12:15:58,978 - INFO - Collected 168 entries for search term 'Public plazas in Medellin' in category 'plazas'
2024-11-09 12:15:58,978 - INFO - Collecting data for category 'plazas' with search term 'Local plazas Medellin'
2024-11-09 12:16:25,727 - INFO - Collected 176 entries for search term 'Local plazas Medellin' in category 'plazas'
2024-11-09 12:16:25,730 - INFO - Saved data for category 'plazas' to 'categories_data/plazas.csv'
2024-11-09 12:16:25,730 - INFO - Processing category: sports_complexes
2024-11-09 12:16:25,731 - INFO - Collecting data for category 'sports_complexes' with search term 'Sports complexes in Medellin'
2024-11-09 12:17:01,523 - INFO - Collected 188 entries for search term 'Sports complexes in Medellin' in category 'sports_complexes'
2024-11-09 12:17:01,524 - INFO - Collecting data for category 'sports_complexes' with search term 'Outdoor sports Medellin'
2024-11-09 12:17:28,461 - INFO - Collected 196 entries for search term 'Outdoor sports Medellin' in category 'sports_complexes'
2024-11-09 12:17:28,464 - INFO - Saved data for category 'sports_complexes' to 'categories_data/sports_complexes.csv'
2024-11-09 12:17:28,465 - ERROR - The following required columns are missing: {'name'}
2024-11-09 12:21:52,364 - INFO - Starting data collection for 11 categories with 90 entries each.
2024-11-09 12:21:52,365 - INFO - Processing category: parks
2024-11-09 12:21:52,365 - INFO - Collecting data for category 'parks' with search term 'Parks in Medellin'
2024-11-09 12:22:18,725 - INFO - Collected 8 entries for search term 'Parks in Medellin' in category 'parks'
2024-11-09 12:22:18,726 - INFO - Collecting data for category 'parks' with search term 'Local parks in Medellin'
2024-11-09 12:22:45,799 - INFO - Collected 16 entries for search term 'Local parks in Medellin' in category 'parks'
2024-11-09 12:22:45,801 - INFO - Saved data for category 'parks' to 'categories_data/parks.csv'
2024-11-09 12:22:45,801 - INFO - Processing category: nature_reserves
2024-11-09 12:22:45,801 - INFO - Collecting data for category 'nature_reserves' with search term 'Nature reserves in Medellin'
2024-11-09 12:23:11,652 - INFO - Collected 24 entries for search term 'Nature reserves in Medellin' in category 'nature_reserves'
2024-11-09 12:23:11,653 - INFO - Collecting data for category 'nature_reserves' with search term 'Protected natural areas in Medellin'
2024-11-09 12:23:37,480 - INFO - Collected 32 entries for search term 'Protected natural areas in Medellin' in category 'nature_reserves'
2024-11-09 12:23:37,484 - INFO - Saved data for category 'nature_reserves' to 'categories_data/nature_reserves.csv'
2024-11-09 12:23:37,484 - INFO - Processing category: eco_cafes
2024-11-09 12:23:37,484 - INFO - Collecting data for category 'eco_cafes' with search term 'Eco-friendly cafes in Medellin'
2024-11-09 12:24:03,208 - INFO - Collected 40 entries for search term 'Eco-friendly cafes in Medellin' in category 'eco_cafes'
2024-11-09 12:24:03,209 - INFO - Collecting data for category 'eco_cafes' with search term 'Organic cafes Medellin'
2024-11-09 12:24:28,860 - INFO - Collected 48 entries for search term 'Organic cafes Medellin' in category 'eco_cafes'
2024-11-09 12:24:28,860 - INFO - Collecting data for category 'eco_cafes' with search term 'Sustainable cafes in Medellin'
2024-11-09 12:24:54,529 - INFO - Collected 56 entries for search term 'Sustainable cafes in Medellin' in category 'eco_cafes'
2024-11-09 12:24:54,535 - INFO - Saved data for category 'eco_cafes' to 'categories_data/eco_cafes.csv'
2024-11-09 12:24:54,536 - INFO - Processing category: local_restaurants
2024-11-09 12:24:54,536 - INFO - Collecting data for category 'local_restaurants' with search term 'Local restaurants in Medellin'
2024-11-09 12:25:21,748 - INFO - Collected 64 entries for search term 'Local restaurants in Medellin' in category 'local_restaurants'
2024-11-09 12:25:21,748 - INFO - Collecting data for category 'local_restaurants' with search term 'Family-owned restaurants Medellin'
2024-11-09 12:25:35,156 - INFO - Collected 66 entries for search term 'Family-owned restaurants Medellin' in category 'local_restaurants'
2024-11-09 12:25:35,156 - INFO - Collecting data for category 'local_restaurants' with search term 'Farm-to-table restaurants Medellin'
2024-11-09 12:26:00,992 - INFO - Collected 74 entries for search term 'Farm-to-table restaurants Medellin' in category 'local_restaurants'
2024-11-09 12:26:00,994 - INFO - Saved data for category 'local_restaurants' to 'categories_data/local_restaurants.csv'
2024-11-09 12:26:00,994 - INFO - Processing category: organic_markets
2024-11-09 12:26:00,995 - INFO - Collecting data for category 'organic_markets' with search term 'Organic markets in Medellin'
2024-11-09 12:26:26,684 - INFO - Collected 82 entries for search term 'Organic markets in Medellin' in category 'organic_markets'
2024-11-09 12:26:26,684 - INFO - Collecting data for category 'organic_markets' with search term 'Farmers markets Medellin'
2024-11-09 12:27:00,849 - INFO - Collected 94 entries for search term 'Farmers markets Medellin' in category 'organic_markets'
2024-11-09 12:27:00,849 - INFO - Collecting data for category 'organic_markets' with search term 'Eco markets Medellin'
2024-11-09 12:27:22,400 - INFO - Collected 100 entries for search term 'Eco markets Medellin' in category 'organic_markets'
2024-11-09 12:27:22,403 - INFO - Saved data for category 'organic_markets' to 'categories_data/organic_markets.csv'
2024-11-09 12:27:22,403 - INFO - Processing category: museums
2024-11-09 12:27:22,403 - INFO - Collecting data for category 'museums' with search term 'Museums in Medellin'
2024-11-09 12:27:48,205 - INFO - Collected 108 entries for search term 'Museums in Medellin' in category 'museums'
2024-11-09 12:27:48,206 - INFO - Collecting data for category 'museums' with search term 'Cultural museums Medellin'
2024-11-09 12:28:14,880 - INFO - Collected 116 entries for search term 'Cultural museums Medellin' in category 'museums'
2024-11-09 12:28:14,885 - INFO - Saved data for category 'museums' to 'categories_data/museums.csv'
2024-11-09 12:28:14,886 - INFO - Processing category: art_galleries
2024-11-09 12:28:14,886 - INFO - Collecting data for category 'art_galleries' with search term 'Art galleries in Medellin'
2024-11-09 12:28:40,619 - INFO - Collected 124 entries for search term 'Art galleries in Medellin' in category 'art_galleries'
2024-11-09 12:28:40,620 - INFO - Collecting data for category 'art_galleries' with search term 'Local art spaces Medellin'
2024-11-09 12:29:06,395 - INFO - Collected 132 entries for search term 'Local art spaces Medellin' in category 'art_galleries'
2024-11-09 12:29:06,397 - INFO - Saved data for category 'art_galleries' to 'categories_data/art_galleries.csv'
2024-11-09 12:29:06,398 - INFO - Processing category: theaters
2024-11-09 12:29:06,398 - INFO - Collecting data for category 'theaters' with search term 'Theaters in Medellin'
2024-11-09 12:29:25,927 - INFO - Collected 137 entries for search term 'Theaters in Medellin' in category 'theaters'
2024-11-09 12:29:25,928 - INFO - Collecting data for category 'theaters' with search term 'Local theater groups Medellin'
2024-11-09 12:29:51,763 - INFO - Collected 145 entries for search term 'Local theater groups Medellin' in category 'theaters'
2024-11-09 12:29:51,766 - INFO - Saved data for category 'theaters' to 'categories_data/theaters.csv'
2024-11-09 12:29:51,766 - INFO - Processing category: community_centers
2024-11-09 12:29:51,766 - INFO - Collecting data for category 'community_centers' with search term 'Community centers in Medellin'
2024-11-09 12:30:17,420 - INFO - Collected 153 entries for search term 'Community centers in Medellin' in category 'community_centers'
2024-11-09 12:30:17,420 - INFO - Collecting data for category 'community_centers' with search term 'Local community hubs Medellin'
2024-11-09 12:30:32,796 - INFO - Collected 156 entries for search term 'Local community hubs Medellin' in category 'community_centers'
2024-11-09 12:30:32,800 - INFO - Saved data for category 'community_centers' to 'categories_data/community_centers.csv'
2024-11-09 12:30:32,800 - INFO - Processing category: plazas
2024-11-09 12:30:32,801 - INFO - Collecting data for category 'plazas' with search term 'Public plazas in Medellin'
2024-11-09 12:30:58,410 - INFO - Collected 164 entries for search term 'Public plazas in Medellin' in category 'plazas'
2024-11-09 12:30:58,410 - INFO - Collecting data for category 'plazas' with search term 'Local plazas Medellin'
2024-11-09 12:31:24,253 - INFO - Collected 172 entries for search term 'Local plazas Medellin' in category 'plazas'
2024-11-09 12:31:24,257 - INFO - Saved data for category 'plazas' to 'categories_data/plazas.csv'
2024-11-09 12:31:24,257 - INFO - Processing category: sports_complexes
2024-11-09 12:31:24,258 - INFO - Collecting data for category 'sports_complexes' with search term 'Sports complexes in Medellin'
2024-11-09 12:31:59,495 - INFO - Collected 184 entries for search term 'Sports complexes in Medellin' in category 'sports_complexes'
2024-11-09 12:31:59,496 - INFO - Collecting data for category 'sports_complexes' with search term 'Outdoor sports Medellin'
2024-11-09 12:32:25,927 - INFO - Collected 192 entries for search term 'Outdoor sports Medellin' in category 'sports_complexes'
2024-11-09 12:32:25,933 - INFO - Saved data for category 'sports_complexes' to 'categories_data/sports_complexes.csv'
2024-11-09 12:32:25,945 - INFO - Dropped 2343 duplicate entries.
2024-11-09 12:32:25,947 - INFO - Final dataset saved to 'total.csv' with 144 entries.
2024-11-09 12:36:59,305 - INFO - Starting data collection for 43 categories with 23 entries each.
2024-11-09 12:36:59,305 - INFO - Processing category: parks
2024-11-09 12:36:59,306 - INFO - Collecting data for category 'parks' with search term 'Parks in Medellin'
2024-11-09 12:37:25,742 - INFO - Collected 8 entries for search term 'Parks in Medellin' in category 'parks'
2024-11-09 12:37:25,743 - INFO - Collecting data for category 'parks' with search term 'Local parks in Medellin'
2024-11-09 12:37:51,544 - INFO - Collected 16 entries for search term 'Local parks in Medellin' in category 'parks'
2024-11-09 12:37:51,548 - INFO - Saved data for category 'parks' to 'categories_data/parks.csv'
2024-11-09 12:37:51,548 - INFO - Processing category: nature_reserves
2024-11-09 12:37:51,548 - INFO - Collecting data for category 'nature_reserves' with search term 'Nature reserves in Medellin'
2024-11-09 12:38:17,673 - INFO - Collected 24 entries for search term 'Nature reserves in Medellin' in category 'nature_reserves'
2024-11-09 12:38:17,673 - INFO - Collecting data for category 'nature_reserves' with search term 'Protected natural areas in Medellin'
2024-11-09 12:38:43,497 - INFO - Collected 32 entries for search term 'Protected natural areas in Medellin' in category 'nature_reserves'
2024-11-09 12:38:43,499 - INFO - Saved data for category 'nature_reserves' to 'categories_data/nature_reserves.csv'
2024-11-09 12:38:43,500 - INFO - Processing category: eco_cafes
2024-11-09 12:38:43,500 - INFO - Collecting data for category 'eco_cafes' with search term 'Eco-friendly cafes in Medellin'
2024-11-09 12:39:05,345 - INFO - Collected 39 entries for search term 'Eco-friendly cafes in Medellin' in category 'eco_cafes'
2024-11-09 12:39:05,346 - INFO - Collecting data for category 'eco_cafes' with search term 'Organic cafes Medellin'
2024-11-09 12:39:27,128 - INFO - Collected 46 entries for search term 'Organic cafes Medellin' in category 'eco_cafes'
2024-11-09 12:39:27,128 - INFO - Collecting data for category 'eco_cafes' with search term 'Sustainable cafes in Medellin'
2024-11-09 12:39:49,031 - INFO - Collected 53 entries for search term 'Sustainable cafes in Medellin' in category 'eco_cafes'
2024-11-09 12:39:49,040 - INFO - Saved data for category 'eco_cafes' to 'categories_data/eco_cafes.csv'
2024-11-09 12:39:49,040 - INFO - Processing category: local_restaurants
2024-11-09 12:39:49,040 - INFO - Collecting data for category 'local_restaurants' with search term 'Local restaurants in Medellin'
2024-11-09 12:40:10,960 - INFO - Collected 60 entries for search term 'Local restaurants in Medellin' in category 'local_restaurants'
2024-11-09 12:40:10,960 - INFO - Collecting data for category 'local_restaurants' with search term 'Family-owned restaurants Medellin'
2024-11-09 12:40:24,194 - INFO - Collected 62 entries for search term 'Family-owned restaurants Medellin' in category 'local_restaurants'
2024-11-09 12:40:24,195 - INFO - Collecting data for category 'local_restaurants' with search term 'Farm-to-table restaurants Medellin'
2024-11-09 12:40:45,900 - INFO - Collected 69 entries for search term 'Farm-to-table restaurants Medellin' in category 'local_restaurants'
2024-11-09 12:40:45,917 - INFO - Saved data for category 'local_restaurants' to 'categories_data/local_restaurants.csv'
2024-11-09 12:40:45,917 - INFO - Processing category: organic_markets
2024-11-09 12:40:45,918 - INFO - Collecting data for category 'organic_markets' with search term 'Organic markets in Medellin'
2024-11-09 12:41:07,690 - INFO - Collected 76 entries for search term 'Organic markets in Medellin' in category 'organic_markets'
2024-11-09 12:41:07,690 - INFO - Collecting data for category 'organic_markets' with search term 'Farmers markets Medellin'
2024-11-09 12:41:29,238 - INFO - Collected 83 entries for search term 'Farmers markets Medellin' in category 'organic_markets'
2024-11-09 12:41:29,239 - INFO - Collecting data for category 'organic_markets' with search term 'Eco markets Medellin'
2024-11-09 12:41:50,246 - INFO - Collected 89 entries for search term 'Eco markets Medellin' in category 'organic_markets'
2024-11-09 12:41:50,248 - INFO - Saved data for category 'organic_markets' to 'categories_data/organic_markets.csv'
2024-11-09 12:41:50,248 - INFO - Processing category: museums
2024-11-09 12:41:50,248 - INFO - Collecting data for category 'museums' with search term 'Museums in Medellin'
2024-11-09 12:42:16,009 - INFO - Collected 97 entries for search term 'Museums in Medellin' in category 'museums'
2024-11-09 12:42:16,011 - INFO - Collecting data for category 'museums' with search term 'Cultural museums Medellin'
2024-11-09 12:42:41,625 - INFO - Collected 105 entries for search term 'Cultural museums Medellin' in category 'museums'
2024-11-09 12:42:41,628 - INFO - Saved data for category 'museums' to 'categories_data/museums.csv'
2024-11-09 12:42:41,628 - INFO - Processing category: art_galleries
2024-11-09 12:42:41,628 - INFO - Collecting data for category 'art_galleries' with search term 'Art galleries in Medellin'
2024-11-09 12:43:07,544 - INFO - Collected 113 entries for search term 'Art galleries in Medellin' in category 'art_galleries'
2024-11-09 12:43:07,545 - INFO - Collecting data for category 'art_galleries' with search term 'Local art spaces Medellin'
2024-11-09 12:43:33,269 - INFO - Collected 121 entries for search term 'Local art spaces Medellin' in category 'art_galleries'
2024-11-09 12:43:33,274 - INFO - Saved data for category 'art_galleries' to 'categories_data/art_galleries.csv'
2024-11-09 12:43:33,275 - INFO - Processing category: theaters
2024-11-09 12:43:33,275 - INFO - Collecting data for category 'theaters' with search term 'Theaters in Medellin'
2024-11-09 12:43:55,242 - INFO - Collected 126 entries for search term 'Theaters in Medellin' in category 'theaters'
2024-11-09 12:43:55,242 - INFO - Collecting data for category 'theaters' with search term 'Local theater groups Medellin'
2024-11-09 12:44:20,920 - INFO - Collected 134 entries for search term 'Local theater groups Medellin' in category 'theaters'
2024-11-09 12:44:20,922 - INFO - Saved data for category 'theaters' to 'categories_data/theaters.csv'
2024-11-09 12:44:20,922 - INFO - Processing category: community_centers
2024-11-09 12:44:20,923 - INFO - Collecting data for category 'community_centers' with search term 'Community centers in Medellin'
2024-11-09 12:44:46,594 - INFO - Collected 142 entries for search term 'Community centers in Medellin' in category 'community_centers'
2024-11-09 12:44:46,596 - INFO - Collecting data for category 'community_centers' with search term 'Local community hubs Medellin'
2024-11-09 12:45:01,832 - INFO - Collected 145 entries for search term 'Local community hubs Medellin' in category 'community_centers'
2024-11-09 12:45:01,835 - INFO - Saved data for category 'community_centers' to 'categories_data/community_centers.csv'
2024-11-09 12:45:01,835 - INFO - Processing category: plazas
2024-11-09 12:45:01,836 - INFO - Collecting data for category 'plazas' with search term 'Public plazas in Medellin'
2024-11-09 12:45:33,801 - INFO - Collected 156 entries for search term 'Public plazas in Medellin' in category 'plazas'
2024-11-09 12:45:33,802 - INFO - Collecting data for category 'plazas' with search term 'Local plazas Medellin'
2024-11-09 12:45:59,665 - INFO - Collected 164 entries for search term 'Local plazas Medellin' in category 'plazas'
2024-11-09 12:45:59,667 - INFO - Saved data for category 'plazas' to 'categories_data/plazas.csv'
2024-11-09 12:45:59,669 - INFO - Processing category: sports_complexes
2024-11-09 12:45:59,669 - INFO - Collecting data for category 'sports_complexes' with search term 'Sports complexes in Medellin'
2024-11-09 12:46:29,413 - INFO - Collected 175 entries for search term 'Sports complexes in Medellin' in category 'sports_complexes'
2024-11-09 12:46:29,413 - INFO - Collecting data for category 'sports_complexes' with search term 'Outdoor sports Medellin'
2024-11-09 12:46:55,155 - INFO - Collected 183 entries for search term 'Outdoor sports Medellin' in category 'sports_complexes'
2024-11-09 12:46:55,160 - INFO - Saved data for category 'sports_complexes' to 'categories_data/sports_complexes.csv'
2024-11-09 12:46:55,161 - INFO - Processing category: zero_waste_stores
2024-11-09 12:46:55,161 - INFO - Collecting data for category 'zero_waste_stores' with search term 'Zero waste stores in Medellin'
2024-11-09 12:47:20,740 - INFO - Collected 191 entries for search term 'Zero waste stores in Medellin' in category 'zero_waste_stores'
2024-11-09 12:47:20,741 - INFO - Collecting data for category 'zero_waste_stores' with search term 'Plastic-free shops Medellin'
2024-11-09 12:47:46,678 - INFO - Collected 199 entries for search term 'Plastic-free shops Medellin' in category 'zero_waste_stores'
2024-11-09 12:47:46,681 - INFO - Saved data for category 'zero_waste_stores' to 'categories_data/zero_waste_stores.csv'
2024-11-09 12:47:46,682 - INFO - Processing category: eco_furniture_stores
2024-11-09 12:47:46,682 - INFO - Collecting data for category 'eco_furniture_stores' with search term 'Eco-friendly furniture stores Medellin'
2024-11-09 12:48:21,150 - ERROR - Error collecting data for category 'eco_furniture_stores' with search term 'Eco-friendly furniture stores Medellin': [Errno 2] No such file or directory: 'temp_result.csv'
2024-11-09 12:48:21,150 - INFO - Collecting data for category 'eco_furniture_stores' with search term 'Sustainable furniture Medellin'
2024-11-09 12:48:55,473 - ERROR - Error collecting data for category 'eco_furniture_stores' with search term 'Sustainable furniture Medellin': [Errno 2] No such file or directory: 'temp_result.csv'
2024-11-09 12:48:55,473 - WARNING - No data collected for category 'eco_furniture_stores'
2024-11-09 12:48:55,474 - WARNING - No data to append for category 'eco_furniture_stores'
2024-11-09 12:48:55,474 - INFO - Processing category: organic_beauty_stores
2024-11-09 12:48:55,474 - INFO - Collecting data for category 'organic_beauty_stores' with search term 'Organic beauty stores Medellin'
2024-11-09 12:49:21,238 - INFO - Collected 207 entries for search term 'Organic beauty stores Medellin' in category 'organic_beauty_stores'
2024-11-09 12:49:21,239 - INFO - Collecting data for category 'organic_beauty_stores' with search term 'Natural cosmetics Medellin'
2024-11-09 12:49:46,453 - INFO - Collected 215 entries for search term 'Natural cosmetics Medellin' in category 'organic_beauty_stores'
2024-11-09 12:49:46,464 - INFO - Saved data for category 'organic_beauty_stores' to 'categories_data/organic_beauty_stores.csv'
2024-11-09 12:49:46,464 - INFO - Processing category: recycled_products_shops
2024-11-09 12:49:46,465 - INFO - Collecting data for category 'recycled_products_shops' with search term 'Recycled products shops Medellin'
2024-11-09 12:50:11,814 - INFO - Collected 223 entries for search term 'Recycled products shops Medellin' in category 'recycled_products_shops'
2024-11-09 12:50:11,815 - INFO - Collecting data for category 'recycled_products_shops' with search term 'Upcycled goods Medellin'
2024-11-09 12:50:30,849 - INFO - Collected 228 entries for search term 'Upcycled goods Medellin' in category 'recycled_products_shops'
2024-11-09 12:50:30,864 - INFO - Saved data for category 'recycled_products_shops' to 'categories_data/recycled_products_shops.csv'
2024-11-09 12:50:30,866 - INFO - Processing category: vegan_restaurants
2024-11-09 12:50:30,866 - INFO - Collecting data for category 'vegan_restaurants' with search term 'Vegan restaurants Medellin'
2024-11-09 12:50:56,693 - INFO - Collected 236 entries for search term 'Vegan restaurants Medellin' in category 'vegan_restaurants'
2024-11-09 12:50:56,694 - INFO - Collecting data for category 'vegan_restaurants' with search term 'Plant-based eateries Medellin'
2024-11-09 12:51:22,397 - INFO - Collected 244 entries for search term 'Plant-based eateries Medellin' in category 'vegan_restaurants'
2024-11-09 12:51:22,402 - INFO - Saved data for category 'vegan_restaurants' to 'categories_data/vegan_restaurants.csv'
2024-11-09 12:51:22,403 - INFO - Processing category: health_food_stores
2024-11-09 12:51:22,403 - INFO - Collecting data for category 'health_food_stores' with search term 'Health food stores Medellin'
2024-11-09 12:51:48,203 - INFO - Collected 252 entries for search term 'Health food stores Medellin' in category 'health_food_stores'
2024-11-09 12:51:48,204 - INFO - Collecting data for category 'health_food_stores' with search term 'Organic groceries Medellin'
2024-11-09 12:52:14,347 - INFO - Collected 260 entries for search term 'Organic groceries Medellin' in category 'health_food_stores'
2024-11-09 12:52:14,352 - INFO - Saved data for category 'health_food_stores' to 'categories_data/health_food_stores.csv'
2024-11-09 12:52:14,354 - INFO - Processing category: juice_bars
2024-11-09 12:52:14,354 - INFO - Collecting data for category 'juice_bars' with search term 'Organic juice bars Medellin'
2024-11-09 12:52:40,025 - INFO - Collected 268 entries for search term 'Organic juice bars Medellin' in category 'juice_bars'
2024-11-09 12:52:40,026 - INFO - Collecting data for category 'juice_bars' with search term 'Cold-pressed juice Medellin'
2024-11-09 12:53:06,812 - INFO - Collected 276 entries for search term 'Cold-pressed juice Medellin' in category 'juice_bars'
2024-11-09 12:53:06,816 - INFO - Saved data for category 'juice_bars' to 'categories_data/juice_bars.csv'
2024-11-09 12:53:06,817 - INFO - Processing category: wellness_centers
2024-11-09 12:53:06,818 - INFO - Collecting data for category 'wellness_centers' with search term 'Wellness centers in Medellin'
2024-11-09 12:53:32,528 - INFO - Collected 284 entries for search term 'Wellness centers in Medellin' in category 'wellness_centers'
2024-11-09 12:53:32,529 - INFO - Collecting data for category 'wellness_centers' with search term 'Holistic health Medellin'
2024-11-09 12:54:02,390 - INFO - Collected 295 entries for search term 'Holistic health Medellin' in category 'wellness_centers'
2024-11-09 12:54:02,393 - INFO - Saved data for category 'wellness_centers' to 'categories_data/wellness_centers.csv'
2024-11-09 12:54:02,394 - INFO - Processing category: yoga_studios
2024-11-09 12:54:02,394 - INFO - Collecting data for category 'yoga_studios' with search term 'Yoga studios Medellin'
2024-11-09 12:54:28,101 - INFO - Collected 303 entries for search term 'Yoga studios Medellin' in category 'yoga_studios'
2024-11-09 12:54:28,102 - INFO - Collecting data for category 'yoga_studios' with search term 'Eco-friendly yoga classes Medellin'
2024-11-09 12:54:59,553 - INFO - Collected 314 entries for search term 'Eco-friendly yoga classes Medellin' in category 'yoga_studios'
2024-11-09 12:54:59,557 - INFO - Saved data for category 'yoga_studios' to 'categories_data/yoga_studios.csv'
2024-11-09 12:54:59,558 - INFO - Processing category: meditation_centers
2024-11-09 12:54:59,558 - INFO - Collecting data for category 'meditation_centers' with search term 'Meditation centers Medellin'
2024-11-09 12:55:29,630 - INFO - Collected 325 entries for search term 'Meditation centers Medellin' in category 'meditation_centers'
2024-11-09 12:55:29,631 - INFO - Collecting data for category 'meditation_centers' with search term 'Mindfulness centers Medellin'
2024-11-09 12:55:53,230 - INFO - Collected 332 entries for search term 'Mindfulness centers Medellin' in category 'meditation_centers'
2024-11-09 12:55:53,234 - INFO - Saved data for category 'meditation_centers' to 'categories_data/meditation_centers.csv'
2024-11-09 12:55:53,235 - INFO - Processing category: bike_shops
2024-11-09 12:55:53,235 - INFO - Collecting data for category 'bike_shops' with search term 'Bicycle shops Medellin'
2024-11-09 12:56:18,988 - INFO - Collected 340 entries for search term 'Bicycle shops Medellin' in category 'bike_shops'
2024-11-09 12:56:18,988 - INFO - Collecting data for category 'bike_shops' with search term 'Sustainable bike shops Medellin'
2024-11-09 12:56:44,660 - INFO - Collected 348 entries for search term 'Sustainable bike shops Medellin' in category 'bike_shops'
2024-11-09 12:56:44,665 - INFO - Saved data for category 'bike_shops' to 'categories_data/bike_shops.csv'
2024-11-09 12:56:44,668 - INFO - Processing category: ev_charging_stations
2024-11-09 12:56:44,669 - INFO - Collecting data for category 'ev_charging_stations' with search term 'Electric vehicle charging stations Medellin'
2024-11-09 12:57:15,304 - INFO - Collected 359 entries for search term 'Electric vehicle charging stations Medellin' in category 'ev_charging_stations'
2024-11-09 12:57:15,304 - INFO - Collecting data for category 'ev_charging_stations' with search term 'EV charging Medellin'
2024-11-09 12:57:45,391 - INFO - Collected 370 entries for search term 'EV charging Medellin' in category 'ev_charging_stations'
2024-11-09 12:57:45,395 - INFO - Saved data for category 'ev_charging_stations' to 'categories_data/ev_charging_stations.csv'
2024-11-09 12:57:45,397 - INFO - Processing category: recycling_centers
2024-11-09 12:57:45,397 - INFO - Collecting data for category 'recycling_centers' with search term 'Recycling centers in Medellin'
2024-11-09 12:58:15,516 - INFO - Collected 381 entries for search term 'Recycling centers in Medellin' in category 'recycling_centers'
2024-11-09 12:58:15,517 - INFO - Collecting data for category 'recycling_centers' with search term 'Waste management Medellin'
2024-11-09 12:58:45,595 - INFO - Collected 392 entries for search term 'Waste management Medellin' in category 'recycling_centers'
2024-11-09 12:58:45,598 - INFO - Saved data for category 'recycling_centers' to 'categories_data/recycling_centers.csv'
2024-11-09 12:58:45,599 - INFO - Processing category: renewable_energy_companies
2024-11-09 12:58:45,599 - INFO - Collecting data for category 'renewable_energy_companies' with search term 'Renewable energy companies Medellin'
2024-11-09 12:59:15,556 - INFO - Collected 403 entries for search term 'Renewable energy companies Medellin' in category 'renewable_energy_companies'
2024-11-09 12:59:15,556 - INFO - Collecting data for category 'renewable_energy_companies' with search term 'Solar energy Medellin'
2024-11-09 12:59:45,448 - INFO - Collected 414 entries for search term 'Solar energy Medellin' in category 'renewable_energy_companies'
2024-11-09 12:59:45,451 - INFO - Saved data for category 'renewable_energy_companies' to 'categories_data/renewable_energy_companies.csv'
2024-11-09 12:59:45,452 - INFO - Processing category: green_tech_companies
2024-11-09 12:59:45,452 - INFO - Collecting data for category 'green_tech_companies' with search term 'Green tech companies Medellin'
2024-11-09 13:00:08,625 - INFO - Collected 421 entries for search term 'Green tech companies Medellin' in category 'green_tech_companies'
2024-11-09 13:00:08,625 - INFO - Collecting data for category 'green_tech_companies' with search term 'Eco-friendly tech startups Medellin'
2024-11-09 13:00:28,297 - INFO - Collected 426 entries for search term 'Eco-friendly tech startups Medellin' in category 'green_tech_companies'
2024-11-09 13:00:28,300 - INFO - Saved data for category 'green_tech_companies' to 'categories_data/green_tech_companies.csv'
2024-11-09 13:00:28,302 - INFO - Processing category: eco_cleaning_services
2024-11-09 13:00:28,302 - INFO - Collecting data for category 'eco_cleaning_services' with search term 'Eco-friendly cleaning services Medellin'
2024-11-09 13:00:58,156 - INFO - Collected 437 entries for search term 'Eco-friendly cleaning services Medellin' in category 'eco_cleaning_services'
2024-11-09 13:00:58,156 - INFO - Collecting data for category 'eco_cleaning_services' with search term 'Green cleaning Medellin'
2024-11-09 13:01:28,401 - INFO - Collected 448 entries for search term 'Green cleaning Medellin' in category 'eco_cleaning_services'
2024-11-09 13:01:28,405 - INFO - Saved data for category 'eco_cleaning_services' to 'categories_data/eco_cleaning_services.csv'
2024-11-09 13:01:28,407 - INFO - Processing category: community_gardens
2024-11-09 13:01:28,407 - INFO - Collecting data for category 'community_gardens' with search term 'Community gardens Medellin'
2024-11-09 13:01:54,094 - INFO - Collected 456 entries for search term 'Community gardens Medellin' in category 'community_gardens'
2024-11-09 13:01:54,094 - INFO - Collecting data for category 'community_gardens' with search term 'Urban farming Medellin'
2024-11-09 13:02:23,986 - INFO - Collected 467 entries for search term 'Urban farming Medellin' in category 'community_gardens'
2024-11-09 13:02:23,990 - INFO - Saved data for category 'community_gardens' to 'categories_data/community_gardens.csv'
2024-11-09 13:02:23,991 - INFO - Processing category: eco_hotels
2024-11-09 13:02:23,992 - INFO - Collecting data for category 'eco_hotels' with search term 'Eco-friendly hotels Medellin'
2024-11-09 13:02:47,585 - INFO - Collected 474 entries for search term 'Eco-friendly hotels Medellin' in category 'eco_hotels'
2024-11-09 13:02:47,585 - INFO - Collecting data for category 'eco_hotels' with search term 'Sustainable accommodations Medellin'
2024-11-09 13:03:14,061 - INFO - Collected 482 entries for search term 'Sustainable accommodations Medellin' in category 'eco_hotels'
2024-11-09 13:03:14,065 - INFO - Saved data for category 'eco_hotels' to 'categories_data/eco_hotels.csv'
2024-11-09 13:03:14,066 - INFO - Processing category: local_breweries
2024-11-09 13:03:14,066 - INFO - Collecting data for category 'local_breweries' with search term 'Local breweries Medellin'
2024-11-09 13:03:39,938 - INFO - Collected 490 entries for search term 'Local breweries Medellin' in category 'local_breweries'
2024-11-09 13:03:39,938 - INFO - Collecting data for category 'local_breweries' with search term 'Craft beer Medellin'
2024-11-09 13:04:05,747 - INFO - Collected 498 entries for search term 'Craft beer Medellin' in category 'local_breweries'
2024-11-09 13:04:05,751 - INFO - Saved data for category 'local_breweries' to 'categories_data/local_breweries.csv'
2024-11-09 13:04:05,752 - INFO - Processing category: art_workshops
2024-11-09 13:04:05,752 - INFO - Collecting data for category 'art_workshops' with search term 'Art workshops Medellin'
2024-11-09 13:04:31,650 - INFO - Collected 506 entries for search term 'Art workshops Medellin' in category 'art_workshops'
2024-11-09 13:04:31,650 - INFO - Collecting data for category 'art_workshops' with search term 'Sustainable art studios Medellin'
2024-11-09 13:04:57,287 - INFO - Collected 514 entries for search term 'Sustainable art studios Medellin' in category 'art_workshops'
2024-11-09 13:04:57,292 - INFO - Saved data for category 'art_workshops' to 'categories_data/art_workshops.csv'
2024-11-09 13:04:57,293 - INFO - Processing category: cultural_centers
2024-11-09 13:04:57,293 - INFO - Collecting data for category 'cultural_centers' with search term 'Cultural centers Medellin'
2024-11-09 13:05:23,692 - INFO - Collected 522 entries for search term 'Cultural centers Medellin' in category 'cultural_centers'
2024-11-09 13:05:23,693 - INFO - Collecting data for category 'cultural_centers' with search term 'Environmental cultural centers Medellin'
2024-11-09 13:05:45,001 - INFO - Collected 528 entries for search term 'Environmental cultural centers Medellin' in category 'cultural_centers'
2024-11-09 13:05:45,006 - INFO - Saved data for category 'cultural_centers' to 'categories_data/cultural_centers.csv'
2024-11-09 13:05:45,007 - INFO - Processing category: health_clinics
2024-11-09 13:05:45,007 - INFO - Collecting data for category 'health_clinics' with search term 'Health clinics in Medellin'
2024-11-09 13:06:16,457 - INFO - Collected 539 entries for search term 'Health clinics in Medellin' in category 'health_clinics'
2024-11-09 13:06:16,458 - INFO - Collecting data for category 'health_clinics' with search term 'Organic health clinics Medellin'
2024-11-09 13:06:47,389 - INFO - Collected 550 entries for search term 'Organic health clinics Medellin' in category 'health_clinics'
2024-11-09 13:06:47,393 - INFO - Saved data for category 'health_clinics' to 'categories_data/health_clinics.csv'
2024-11-09 13:06:47,395 - INFO - Processing category: mental_health_centers
2024-11-09 13:06:47,395 - INFO - Collecting data for category 'mental_health_centers' with search term 'Mental health centers Medellin'
2024-11-09 13:07:17,509 - INFO - Collected 561 entries for search term 'Mental health centers Medellin' in category 'mental_health_centers'
2024-11-09 13:07:17,509 - INFO - Collecting data for category 'mental_health_centers' with search term 'Eco-friendly mental health services Medellin'
2024-11-09 13:07:47,408 - INFO - Collected 572 entries for search term 'Eco-friendly mental health services Medellin' in category 'mental_health_centers'
2024-11-09 13:07:47,412 - INFO - Saved data for category 'mental_health_centers' to 'categories_data/mental_health_centers.csv'
2024-11-09 13:07:47,414 - INFO - Processing category: environmental_ngos
2024-11-09 13:07:47,414 - INFO - Collecting data for category 'environmental_ngos' with search term 'Environmental NGOs Medellin'
2024-11-09 13:08:06,790 - INFO - Collected 577 entries for search term 'Environmental NGOs Medellin' in category 'environmental_ngos'
2024-11-09 13:08:06,791 - INFO - Collecting data for category 'environmental_ngos' with search term 'Sustainability advocacy groups Medellin'
2024-11-09 13:08:22,808 - INFO - Collected 580 entries for search term 'Sustainability advocacy groups Medellin' in category 'environmental_ngos'
2024-11-09 13:08:22,812 - INFO - Saved data for category 'environmental_ngos' to 'categories_data/environmental_ngos.csv'
2024-11-09 13:08:22,814 - INFO - Processing category: eco_tours
2024-11-09 13:08:22,814 - INFO - Collecting data for category 'eco_tours' with search term 'Eco-tours Medellin'
2024-11-09 13:08:56,216 - ERROR - Error collecting data for category 'eco_tours' with search term 'Eco-tours Medellin': [Errno 2] No such file or directory: 'temp_result.csv'
2024-11-09 13:08:56,216 - INFO - Collecting data for category 'eco_tours' with search term 'Sustainable tourism Medellin'
2024-11-09 13:09:21,465 - INFO - Collected 588 entries for search term 'Sustainable tourism Medellin' in category 'eco_tours'
2024-11-09 13:09:21,468 - INFO - Saved data for category 'eco_tours' to 'categories_data/eco_tours.csv'
2024-11-09 13:09:21,470 - INFO - Processing category: artisan_shops
2024-11-09 13:09:21,470 - INFO - Collecting data for category 'artisan_shops' with search term 'Artisan shops Medellin'
2024-11-09 13:09:46,952 - INFO - Collected 596 entries for search term 'Artisan shops Medellin' in category 'artisan_shops'
2024-11-09 13:09:46,952 - INFO - Collecting data for category 'artisan_shops' with search term 'Handmade crafts Medellin'
2024-11-09 13:10:13,341 - INFO - Collected 604 entries for search term 'Handmade crafts Medellin' in category 'artisan_shops'
2024-11-09 13:10:13,346 - INFO - Saved data for category 'artisan_shops' to 'categories_data/artisan_shops.csv'
2024-11-09 13:10:13,348 - INFO - Processing category: sustainable_event_venues
2024-11-09 13:10:13,348 - INFO - Collecting data for category 'sustainable_event_venues' with search term 'Sustainable event venues Medellin'
2024-11-09 13:10:39,277 - INFO - Collected 612 entries for search term 'Sustainable event venues Medellin' in category 'sustainable_event_venues'
2024-11-09 13:10:39,277 - INFO - Collecting data for category 'sustainable_event_venues' with search term 'Eco-friendly event spaces Medellin'
2024-11-09 13:11:04,893 - INFO - Collected 620 entries for search term 'Eco-friendly event spaces Medellin' in category 'sustainable_event_venues'
2024-11-09 13:11:04,898 - INFO - Saved data for category 'sustainable_event_venues' to 'categories_data/sustainable_event_venues.csv'
2024-11-09 13:11:04,900 - INFO - Processing category: organic_pet_stores
2024-11-09 13:11:04,900 - INFO - Collecting data for category 'organic_pet_stores' with search term 'Organic pet stores Medellin'
2024-11-09 13:11:30,680 - INFO - Collected 628 entries for search term 'Organic pet stores Medellin' in category 'organic_pet_stores'
2024-11-09 13:11:30,680 - INFO - Collecting data for category 'organic_pet_stores' with search term 'Natural pet supplies Medellin'
2024-11-09 13:11:57,641 - INFO - Collected 636 entries for search term 'Natural pet supplies Medellin' in category 'organic_pet_stores'
2024-11-09 13:11:57,646 - INFO - Saved data for category 'organic_pet_stores' to 'categories_data/organic_pet_stores.csv'
2024-11-09 13:11:57,648 - INFO - Processing category: green_building_firms
2024-11-09 13:11:57,649 - INFO - Collecting data for category 'green_building_firms' with search term 'Green construction firms Medellin'
2024-11-09 13:12:17,000 - INFO - Collected 641 entries for search term 'Green construction firms Medellin' in category 'green_building_firms'
2024-11-09 13:12:17,000 - INFO - Collecting data for category 'green_building_firms' with search term 'Eco-friendly architecture Medellin'
2024-11-09 13:12:46,919 - INFO - Collected 652 entries for search term 'Eco-friendly architecture Medellin' in category 'green_building_firms'
2024-11-09 13:12:46,924 - INFO - Saved data for category 'green_building_firms' to 'categories_data/green_building_firms.csv'
2024-11-09 13:12:46,926 - INFO - Processing category: local_sports_clubs
2024-11-09 13:12:46,926 - INFO - Collecting data for category 'local_sports_clubs' with search term 'Local sports clubs Medellin'
2024-11-09 13:13:16,679 - INFO - Collected 663 entries for search term 'Local sports clubs Medellin' in category 'local_sports_clubs'
2024-11-09 13:13:16,679 - INFO - Collecting data for category 'local_sports_clubs' with search term 'Sustainable sports facilities Medellin'
2024-11-09 13:13:38,266 - INFO - Collected 669 entries for search term 'Sustainable sports facilities Medellin' in category 'local_sports_clubs'
2024-11-09 13:13:38,272 - INFO - Saved data for category 'local_sports_clubs' to 'categories_data/local_sports_clubs.csv'
2024-11-09 13:13:38,274 - INFO - Processing category: green_coworking_spaces
2024-11-09 13:13:38,275 - INFO - Collecting data for category 'green_coworking_spaces' with search term 'Green coworking spaces Medellin'
2024-11-09 13:14:08,248 - INFO - Collected 680 entries for search term 'Green coworking spaces Medellin' in category 'green_coworking_spaces'
2024-11-09 13:14:08,248 - INFO - Collecting data for category 'green_coworking_spaces' with search term 'Eco-friendly coworking Medellin'
2024-11-09 13:14:38,114 - INFO - Collected 691 entries for search term 'Eco-friendly coworking Medellin' in category 'green_coworking_spaces'
2024-11-09 13:14:38,120 - INFO - Saved data for category 'green_coworking_spaces' to 'categories_data/green_coworking_spaces.csv'
2024-11-09 13:14:38,122 - INFO - Processing category: environmental_learning_centers
2024-11-09 13:14:38,123 - INFO - Collecting data for category 'environmental_learning_centers' with search term 'Environmental learning centers Medellin'
2024-11-09 13:15:11,649 - ERROR - Error collecting data for category 'environmental_learning_centers' with search term 'Environmental learning centers Medellin': [Errno 2] No such file or directory: 'temp_result.csv'
2024-11-09 13:15:11,649 - INFO - Collecting data for category 'environmental_learning_centers' with search term 'Sustainability training institutes Medellin'
2024-11-09 13:15:24,974 - INFO - Collected 693 entries for search term 'Sustainability training institutes Medellin' in category 'environmental_learning_centers'
2024-11-09 13:15:24,977 - INFO - Saved data for category 'environmental_learning_centers' to 'categories_data/environmental_learning_centers.csv'
2024-11-09 13:15:24,997 - INFO - Dropped 28467 duplicate entries.
2024-11-09 13:15:25,000 - INFO - Final dataset saved to 'total.csv' with 531 entries.
